# JRE version: OpenJDK Runtime Environment Temurin-11.0.14.1+1 (11.0.14.1+1) (build 11.0.14.1+1)
# Java VM: OpenJDK 64-Bit Server VM Temurin-11.0.14.1+1 (11.0.14.1+1, mixed mode, tiered, compressed oops, g1 gc, windows-amd64)
Heap:
 garbage-first heap   total 118784K, used 45214K [0x000000008c200000, 0x0000000100000000)
  region size 1024K, 39 young (39936K), 6 survivors (6144K)
 Metaspace       used 25232K, capacity 25704K, committed 26032K, reserved 1073152K
  class space    used 2549K, capacity 2696K, committed 2816K, reserved 1048576K
GC Heap History (8 events):
Event: 1.423 GC heap before
{Heap before GC invocations=0 (full 0):
 garbage-first heap   total 118784K, used 24576K [0x000000008c200000, 0x0000000100000000)
  region size 1024K, 24 young (24576K), 0 survivors (0K)
 Metaspace       used 16406K, capacity 16720K, committed 16768K, reserved 1064960K
  class space    used 1546K, capacity 1659K, committed 1664K, reserved 1048576K
}
Event: 1.433 GC heap after
{Heap after GC invocations=1 (full 0):
 garbage-first heap   total 118784K, used 4403K [0x000000008c200000, 0x0000000100000000)
  region size 1024K, 3 young (3072K), 3 survivors (3072K)
 Metaspace       used 16406K, capacity 16720K, committed 16768K, reserved 1064960K
  class space    used 1546K, capacity 1659K, committed 1664K, reserved 1048576K
}
Event: 2.202 GC heap before
{Heap before GC invocations=1 (full 0):
 garbage-first heap   total 118784K, used 13619K [0x000000008c200000, 0x0000000100000000)
  region size 1024K, 13 young (13312K), 3 survivors (3072K)
 Metaspace       used 20913K, capacity 21220K, committed 21296K, reserved 1069056K
  class space    used 2048K, capacity 2172K, committed 2176K, reserved 1048576K
}
Event: 2.209 GC heap after
{Heap after GC invocations=2 (full 0):
 garbage-first heap   total 118784K, used 6451K [0x000000008c200000, 0x0000000100000000)
  region size 1024K, 5 young (5120K), 5 survivors (5120K)
 Metaspace       used 20913K, capacity 21220K, committed 21296K, reserved 1069056K
  class space    used 2048K, capacity 2172K, committed 2176K, reserved 1048576K
}
Event: 2.800 GC heap before
{Heap before GC invocations=3 (full 0):
 garbage-first heap   total 118784K, used 25907K [0x000000008c200000, 0x0000000100000000)
  region size 1024K, 25 young (25600K), 5 survivors (5120K)
 Metaspace       used 24010K, capacity 24404K, committed 24624K, reserved 1071104K
  class space    used 2477K, capacity 2613K, committed 2688K, reserved 1048576K
}
Event: 2.816 GC heap after
{Heap after GC invocations=4 (full 0):
 garbage-first heap   total 118784K, used 9134K [0x000000008c200000, 0x0000000100000000)
  region size 1024K, 4 young (4096K), 4 survivors (4096K)
 Metaspace       used 24010K, capacity 24404K, committed 24624K, reserved 1071104K
  class space    used 2477K, capacity 2613K, committed 2688K, reserved 1048576K
}
Event: 3.517 GC heap before
{Heap before GC invocations=4 (full 0):
 garbage-first heap   total 118784K, used 51118K [0x000000008c200000, 0x0000000100000000)
  region size 1024K, 46 young (47104K), 4 survivors (4096K)
 Metaspace       used 24926K, capacity 25337K, committed 25392K, reserved 1073152K
  class space    used 2532K, capacity 2651K, committed 2688K, reserved 1048576K
}
Event: 3.522 GC heap after
{Heap after GC invocations=5 (full 0):
 garbage-first heap   total 118784K, used 12446K [0x000000008c200000, 0x0000000100000000)
  region size 1024K, 6 young (6144K), 6 survivors (6144K)
 Metaspace       used 24926K, capacity 25337K, committed 25392K, reserved 1073152K
  class space    used 2532K, capacity 2651K, committed 2688K, reserved 1048576K
}

